[35m[1mConsolidate compiler generated dependencies of target pepper_wall_follower[0m
[ 50%] [32mBuilding CXX object CMakeFiles/pepper_wall_follower.dir/src/pepper_wall_follower.cpp.o[0m
In file included from [01m[K/home/chris/ros_ws/src/pepper_wall_follower/src/pepper_wall_follower.cpp:1[m[K:
[01m[K/home/chris/ros_ws/src/pepper_wall_follower/include/pepper_wall_follower/pepper_wall_follower.hpp:37:19:[m[K [01;31m[Kerror: [m[Kredeclaration of â€˜[01m[KFRONT_RIGHT[m[Kâ€™
   37 |     FRONT_RIGHT = [01;31m[K5[m[K,
      |                   [01;31m[K^[m[K
[01m[K/home/chris/ros_ws/src/pepper_wall_follower/include/pepper_wall_follower/pepper_wall_follower.hpp:34:5:[m[K [01;36m[Knote: [m[Kprevious declaration â€˜[01m[KFRONT_RIGHT[m[Kâ€™
   34 |     [01;36m[KFRONT_RIGHT[m[K = 2,
      |     [01;36m[K^~~~~~~~~~~[m[K
In file included from [01m[K/opt/ros/humble/include/rclcpp/rclcpp/logging.hpp:24[m[K,
                 from [01m[K/opt/ros/humble/include/rclcpp/rclcpp/client.hpp:40[m[K,
                 from [01m[K/opt/ros/humble/include/rclcpp/rclcpp/callback_group.hpp:24[m[K,
                 from [01m[K/opt/ros/humble/include/rclcpp/rclcpp/any_executable.hpp:20[m[K,
                 from [01m[K/opt/ros/humble/include/rclcpp/rclcpp/memory_strategy.hpp:25[m[K,
                 from [01m[K/opt/ros/humble/include/rclcpp/rclcpp/memory_strategies.hpp:18[m[K,
                 from [01m[K/opt/ros/humble/include/rclcpp/rclcpp/executor_options.hpp:20[m[K,
                 from [01m[K/opt/ros/humble/include/rclcpp/rclcpp/executor.hpp:37[m[K,
                 from [01m[K/opt/ros/humble/include/rclcpp/rclcpp/executors/multi_threaded_executor.hpp:25[m[K,
                 from [01m[K/opt/ros/humble/include/rclcpp/rclcpp/executors.hpp:21[m[K,
                 from [01m[K/opt/ros/humble/include/rclcpp/rclcpp/rclcpp.hpp:155[m[K,
                 from [01m[K/home/chris/ros_ws/src/pepper_wall_follower/include/pepper_wall_follower/pepper_wall_follower.hpp:4[m[K,
                 from [01m[K/home/chris/ros_ws/src/pepper_wall_follower/src/pepper_wall_follower.cpp:1[m[K:
[01m[K/home/chris/ros_ws/src/pepper_wall_follower/src/pepper_wall_follower.cpp:[m[K In member function â€˜[01m[Kvoid PepperWallFollower::PrintScanData()[m[Kâ€™:
[01m[K/home/chris/ros_ws/src/pepper_wall_follower/src/pepper_wall_follower.cpp:202:20:[m[K [01;31m[Kerror: [m[Kâ€˜[01m[KLEFT_BACK[m[Kâ€™ was not declared in this scope
  202 |         scan_data_[[01;31m[KLEFT_BACK[m[K],
      |                    [01;31m[K^~~~~~~~~[m[K
gmake[2]: *** [CMakeFiles/pepper_wall_follower.dir/build.make:76: CMakeFiles/pepper_wall_follower.dir/src/pepper_wall_follower.cpp.o] Error 1
gmake[1]: *** [CMakeFiles/Makefile2:137: CMakeFiles/pepper_wall_follower.dir/all] Error 2
gmake: *** [Makefile:146: all] Error 2
