[0.200s] Invoking command in '/home/chris/ros_ws/build/naoqi_driver': CMAKE_PREFIX_PATH=/home/chris/ros_ws/install/naoqi_libqicore:/home/chris/ros_ws/install/naoqi_libqi:/home/chris/ros_ws/install/naoqi_bridge_msgs:/home/chris/ros_ws/install/pepper_meshes:/home/chris/ros_ws/install/naoqi_driver:/home/chris/ros_ws/install/nao_meshes:/opt/ros/humble LD_LIBRARY_PATH=/home/chris/ros_ws/install/naoqi_libqi/lib:/home/chris/ros_ws/install/naoqi_bridge_msgs/lib:/home/chris/ros_ws/install/naoqi_driver/lib:/home/chris/ros_ws/install/naoqi_libqicore/lib:/opt/ros/humble/opt/rviz_ogre_vendor/lib:/opt/ros/humble/lib/x86_64-linux-gnu:/opt/ros/humble/lib /usr/bin/cmake --build /home/chris/ros_ws/build/naoqi_driver -- -j20 -l20
[0.298s] [35m[1mConsolidate compiler generated dependencies of target naoqi_driver[0m
[0.470s] [  2%] [32mBuilding CXX object CMakeFiles/naoqi_driver.dir/src/naoqi_driver.cpp.o[0m
[2.623s] In file included from [01m[K/usr/include/boost/bind.hpp:30[m[K,
[2.623s]                  from [01m[K/usr/include/boost/property_tree/json_parser/detail/parser.hpp:7[m[K,
[2.623s]                  from [01m[K/usr/include/boost/property_tree/json_parser/detail/read.hpp:13[m[K,
[2.623s]                  from [01m[K/usr/include/boost/property_tree/json_parser.hpp:16[m[K,
[2.623s]                  from [01m[K/home/chris/ros_ws/src/naoqi_driver2/src/naoqi_driver.cpp:21[m[K:
[2.623s] [01m[K/usr/include/boost/bind.hpp:36:1:[m[K [01;36m[Knote: [m[Kâ€˜[01m[K#pragma message: The practice of declaring the Bind placeholders (_1, _2, ...) in the global namespace is deprecated. Please use <boost/bind/bind.hpp> + using namespace boost::placeholders, or define BOOST_BIND_GLOBAL_PLACEHOLDERS to retain the current behavior.[m[Kâ€™
[2.623s]    36 | [01;36m[KBOOST_PRAGMA_MESSAGE[m[K(
[2.623s]       | [01;36m[K^~~~~~~~~~~~~~~~~~~~[m[K
[6.372s] [01m[K/home/chris/ros_ws/src/naoqi_driver2/src/naoqi_driver.cpp:[m[K In member function â€˜[01m[Kvoid naoqi::Driver::registerDefaultConverter()[m[Kâ€™:
[6.372s] [01m[K/home/chris/ros_ws/src/naoqi_driver2/src/naoqi_driver.cpp:880:48:[m[K [01;31m[Kerror: [m[Kâ€˜[01m[KAudioEventRegister[m[Kâ€™ was not declared in this scope; did you mean â€˜[01m[KTouchEventRegister[m[Kâ€™?
[6.372s]   880 |       auto event_register = boost::make_shared<[01;31m[KAudioEventRegister[m[K>("audio", 0, sessionPtr_);
[6.372s]       |                                                [01;31m[K^~~~~~~~~~~~~~~~~~[m[K
[6.372s]       |                                                [32m[KTouchEventRegister[m[K
[6.373s] [01m[K/home/chris/ros_ws/src/naoqi_driver2/src/naoqi_driver.cpp:880:67:[m[K [01;31m[Kerror: [m[Kno matching function for call to â€˜[01m[Kmake_shared<<expression error> >(const char [6], int, qi::SessionPtr&)[m[Kâ€™
[6.373s]   880 |       auto event_register = [01;31m[Kboost::make_shared<AudioEventRegister>("audio", 0, sessionPtr_)[m[K;
[6.373s]       |                             [01;31m[K~~~~~~~~~~~~~~~~~~~~~~~~~~~~~~~~~~~~~~^~~~~~~~~~~~~~~~~~~~~~~~~[m[K
[6.373s] In file included from [01m[K/usr/include/boost/smart_ptr/make_shared.hpp:14[m[K,
[6.373s]                  from [01m[K/usr/include/boost/make_shared.hpp:14[m[K,
[6.373s]                  from [01m[K/home/chris/ros_ws/install/naoqi_libqi/include/qi/detail/future_fwd.hpp:29[m[K,
[6.373s]                  from [01m[K/home/chris/ros_ws/install/naoqi_libqi/include/qi/future.hpp:7[m[K,
[6.373s]                  from [01m[K/home/chris/ros_ws/install/naoqi_libqi/include/qi/session.hpp:15[m[K,
[6.373s]                  from [01m[K/home/chris/ros_ws/src/naoqi_driver2/include/naoqi_driver/naoqi_driver.hpp:34[m[K,
[6.373s]                  from [01m[K/home/chris/ros_ws/src/naoqi_driver2/src/naoqi_driver.cpp:31[m[K:
[6.373s] [01m[K/usr/include/boost/smart_ptr/make_shared_object.hpp:248:87:[m[K [01;36m[Knote: [m[Kcandidate: â€˜[01m[Ktemplate<class T, class ... Args> typename boost::detail::sp_if_not_array<T>::type boost::make_shared(Args&& ...)[m[Kâ€™
[6.373s]   248 | template< class T, class... Args > typename boost::detail::sp_if_not_array< T >::type [01;36m[Kmake_shared[m[K( Args && ... args )
[6.373s]       |                                                                                       [01;36m[K^~~~~~~~~~~[m[K
[6.373s] [01m[K/usr/include/boost/smart_ptr/make_shared_object.hpp:248:87:[m[K [01;36m[Knote: [m[K  template argument deduction/substitution failed:
[6.373s] [01m[K/home/chris/ros_ws/src/naoqi_driver2/src/naoqi_driver.cpp:880:67:[m[K [01;31m[Kerror: [m[Ktemplate argument 1 is invalid
[6.373s]   880 |       auto event_register = [01;31m[Kboost::make_shared<AudioEventRegister>("audio", 0, sessionPtr_)[m[K;
[6.373s]       |                             [01;31m[K~~~~~~~~~~~~~~~~~~~~~~~~~~~~~~~~~~~~~~^~~~~~~~~~~~~~~~~~~~~~~~~[m[K
[6.373s] In file included from [01m[K/usr/include/boost/smart_ptr/make_shared.hpp:17[m[K,
[6.373s]                  from [01m[K/usr/include/boost/make_shared.hpp:14[m[K,
[6.373s]                  from [01m[K/home/chris/ros_ws/install/naoqi_libqi/include/qi/detail/future_fwd.hpp:29[m[K,
[6.373s]                  from [01m[K/home/chris/ros_ws/install/naoqi_libqi/include/qi/future.hpp:7[m[K,
[6.373s]                  from [01m[K/home/chris/ros_ws/install/naoqi_libqi/include/qi/session.hpp:15[m[K,
[6.374s]                  from [01m[K/home/chris/ros_ws/src/naoqi_driver2/include/naoqi_driver/naoqi_driver.hpp:34[m[K,
[6.374s]                  from [01m[K/home/chris/ros_ws/src/naoqi_driver2/src/naoqi_driver.cpp:31[m[K:
[6.374s] [01m[K/usr/include/boost/smart_ptr/make_shared_array.hpp:18:1:[m[K [01;36m[Knote: [m[Kcandidate: â€˜[01m[Ktemplate<class T> typename boost::enable_if_<boost::is_bounded_array<T>::value, boost::shared_ptr<X> >::type boost::make_shared()[m[Kâ€™
[6.374s]    18 | [01;36m[Kmake_shared[m[K()
[6.374s]       | [01;36m[K^~~~~~~~~~~[m[K
[6.374s] [01m[K/usr/include/boost/smart_ptr/make_shared_array.hpp:18:1:[m[K [01;36m[Knote: [m[K  template argument deduction/substitution failed:
[6.374s] [01m[K/home/chris/ros_ws/src/naoqi_driver2/src/naoqi_driver.cpp:880:67:[m[K [01;31m[Kerror: [m[Ktemplate argument 1 is invalid
[6.374s]   880 |       auto event_register = [01;31m[Kboost::make_shared<AudioEventRegister>("audio", 0, sessionPtr_)[m[K;
[6.374s]       |                             [01;31m[K~~~~~~~~~~~~~~~~~~~~~~~~~~~~~~~~~~~~~~^~~~~~~~~~~~~~~~~~~~~~~~~[m[K
[6.374s] In file included from [01m[K/usr/include/boost/smart_ptr/make_shared.hpp:17[m[K,
[6.374s]                  from [01m[K/usr/include/boost/make_shared.hpp:14[m[K,
[6.374s]                  from [01m[K/home/chris/ros_ws/install/naoqi_libqi/include/qi/detail/future_fwd.hpp:29[m[K,
[6.374s]                  from [01m[K/home/chris/ros_ws/install/naoqi_libqi/include/qi/future.hpp:7[m[K,
[6.374s]                  from [01m[K/home/chris/ros_ws/install/naoqi_libqi/include/qi/session.hpp:15[m[K,
[6.374s]                  from [01m[K/home/chris/ros_ws/src/naoqi_driver2/include/naoqi_driver/naoqi_driver.hpp:34[m[K,
[6.374s]                  from [01m[K/home/chris/ros_ws/src/naoqi_driver2/src/naoqi_driver.cpp:31[m[K:
[6.374s] [01m[K/usr/include/boost/smart_ptr/make_shared_array.hpp:26:1:[m[K [01;36m[Knote: [m[Kcandidate: â€˜[01m[Ktemplate<class T> typename boost::enable_if_<boost::is_bounded_array<T>::value, boost::shared_ptr<X> >::type boost::make_shared(const typename boost::remove_extent<T>::type&)[m[Kâ€™
[6.374s]    26 | [01;36m[Kmake_shared[m[K(const typename remove_extent<T>::type& value)
[6.374s]       | [01;36m[K^~~~~~~~~~~[m[K
[6.374s] [01m[K/usr/include/boost/smart_ptr/make_shared_array.hpp:26:1:[m[K [01;36m[Knote: [m[K  template argument deduction/substitution failed:
[6.374s] [01m[K/home/chris/ros_ws/src/naoqi_driver2/src/naoqi_driver.cpp:880:67:[m[K [01;31m[Kerror: [m[Ktemplate argument 1 is invalid
[6.374s]   880 |       auto event_register = [01;31m[Kboost::make_shared<AudioEventRegister>("audio", 0, sessionPtr_)[m[K;
[6.374s]       |                             [01;31m[K~~~~~~~~~~~~~~~~~~~~~~~~~~~~~~~~~~~~~~^~~~~~~~~~~~~~~~~~~~~~~~~[m[K
[6.374s] In file included from [01m[K/usr/include/boost/smart_ptr/make_shared.hpp:17[m[K,
[6.374s]                  from [01m[K/usr/include/boost/make_shared.hpp:14[m[K,
[6.374s]                  from [01m[K/home/chris/ros_ws/install/naoqi_libqi/include/qi/detail/future_fwd.hpp:29[m[K,
[6.374s]                  from [01m[K/home/chris/ros_ws/install/naoqi_libqi/include/qi/future.hpp:7[m[K,
[6.374s]                  from [01m[K/home/chris/ros_ws/install/naoqi_libqi/include/qi/session.hpp:15[m[K,
[6.374s]                  from [01m[K/home/chris/ros_ws/src/naoqi_driver2/include/naoqi_driver/naoqi_driver.hpp:34[m[K,
[6.374s]                  from [01m[K/home/chris/ros_ws/src/naoqi_driver2/src/naoqi_driver.cpp:31[m[K:
[6.374s] [01m[K/usr/include/boost/smart_ptr/make_shared_array.hpp:34:1:[m[K [01;36m[Knote: [m[Kcandidate: â€˜[01m[Ktemplate<class T> typename boost::enable_if_<boost::is_unbounded_array<T>::value, boost::shared_ptr<X> >::type boost::make_shared(std::size_t)[m[Kâ€™
[6.374s]    34 | [01;36m[Kmake_shared[m[K(std::size_t size)
[6.374s]       | [01;36m[K^~~~~~~~~~~[m[K
[6.374s] [01m[K/usr/include/boost/smart_ptr/make_shared_array.hpp:34:1:[m[K [01;36m[Knote: [m[K  template argument deduction/substitution failed:
[6.375s] [01m[K/home/chris/ros_ws/src/naoqi_driver2/src/naoqi_driver.cpp:880:67:[m[K [01;31m[Kerror: [m[Ktemplate argument 1 is invalid
[6.375s]   880 |       auto event_register = [01;31m[Kboost::make_shared<AudioEventRegister>("audio", 0, sessionPtr_)[m[K;
[6.375s]       |                             [01;31m[K~~~~~~~~~~~~~~~~~~~~~~~~~~~~~~~~~~~~~~^~~~~~~~~~~~~~~~~~~~~~~~~[m[K
[6.375s] In file included from [01m[K/usr/include/boost/smart_ptr/make_shared.hpp:17[m[K,
[6.375s]                  from [01m[K/usr/include/boost/make_shared.hpp:14[m[K,
[6.375s]                  from [01m[K/home/chris/ros_ws/install/naoqi_libqi/include/qi/detail/future_fwd.hpp:29[m[K,
[6.375s]                  from [01m[K/home/chris/ros_ws/install/naoqi_libqi/include/qi/future.hpp:7[m[K,
[6.375s]                  from [01m[K/home/chris/ros_ws/install/naoqi_libqi/include/qi/session.hpp:15[m[K,
[6.375s]                  from [01m[K/home/chris/ros_ws/src/naoqi_driver2/include/naoqi_driver/naoqi_driver.hpp:34[m[K,
[6.375s]                  from [01m[K/home/chris/ros_ws/src/naoqi_driver2/src/naoqi_driver.cpp:31[m[K:
[6.375s] [01m[K/usr/include/boost/smart_ptr/make_shared_array.hpp:42:1:[m[K [01;36m[Knote: [m[Kcandidate: â€˜[01m[Ktemplate<class T> typename boost::enable_if_<boost::is_unbounded_array<T>::value, boost::shared_ptr<X> >::type boost::make_shared(std::size_t, const typename boost::remove_extent<T>::type&)[m[Kâ€™
[6.375s]    42 | [01;36m[Kmake_shared[m[K(std::size_t size, const typename remove_extent<T>::type& value)
[6.375s]       | [01;36m[K^~~~~~~~~~~[m[K
[6.375s] [01m[K/usr/include/boost/smart_ptr/make_shared_array.hpp:42:1:[m[K [01;36m[Knote: [m[K  template argument deduction/substitution failed:
[6.375s] [01m[K/home/chris/ros_ws/src/naoqi_driver2/src/naoqi_driver.cpp:880:67:[m[K [01;31m[Kerror: [m[Ktemplate argument 1 is invalid
[6.375s]   880 |       auto event_register = [01;31m[Kboost::make_shared<AudioEventRegister>("audio", 0, sessionPtr_)[m[K;
[6.375s]       |                             [01;31m[K~~~~~~~~~~~~~~~~~~~~~~~~~~~~~~~~~~~~~~^~~~~~~~~~~~~~~~~~~~~~~~~[m[K
[11.719s] gmake[2]: *** [CMakeFiles/naoqi_driver.dir/build.make:76: CMakeFiles/naoqi_driver.dir/src/naoqi_driver.cpp.o] Error 1
[11.719s] gmake[1]: *** [CMakeFiles/Makefile2:139: CMakeFiles/naoqi_driver.dir/all] Error 2
[11.719s] gmake: *** [Makefile:146: all] Error 2
[11.721s] Invoked command in '/home/chris/ros_ws/build/naoqi_driver' returned '2': CMAKE_PREFIX_PATH=/home/chris/ros_ws/install/naoqi_libqicore:/home/chris/ros_ws/install/naoqi_libqi:/home/chris/ros_ws/install/naoqi_bridge_msgs:/home/chris/ros_ws/install/pepper_meshes:/home/chris/ros_ws/install/naoqi_driver:/home/chris/ros_ws/install/nao_meshes:/opt/ros/humble LD_LIBRARY_PATH=/home/chris/ros_ws/install/naoqi_libqi/lib:/home/chris/ros_ws/install/naoqi_bridge_msgs/lib:/home/chris/ros_ws/install/naoqi_driver/lib:/home/chris/ros_ws/install/naoqi_libqicore/lib:/opt/ros/humble/opt/rviz_ogre_vendor/lib:/opt/ros/humble/lib/x86_64-linux-gnu:/opt/ros/humble/lib /usr/bin/cmake --build /home/chris/ros_ws/build/naoqi_driver -- -j20 -l20
