[0.011s] Invoking command in '/home/chris/ros_ws/build/wall_follower': CMAKE_PREFIX_PATH=${CMAKE_PREFIX_PATH}:/opt/ros/humble /usr/bin/cmake --build /home/chris/ros_ws/build/wall_follower -- -j20 -l20
[0.071s] CMake Error: failed to create symbolic link '/home/chris/ros_ws/build/wall_follower/ament_cmake_python/wall_follower/wall_follower': File exists
[0.073s] gmake[2]: *** [CMakeFiles/ament_cmake_python_symlink_wall_follower.dir/build.make:70: CMakeFiles/ament_cmake_python_symlink_wall_follower] Error 1
[0.073s] gmake[1]: *** [CMakeFiles/Makefile2:166: CMakeFiles/ament_cmake_python_symlink_wall_follower.dir/all] Error 2
[0.074s] gmake[1]: *** Waiting for unfinished jobs....
[0.085s] [100%] Built target wall_follower
[0.086s] gmake: *** [Makefile:146: all] Error 2
[0.089s] Invoked command in '/home/chris/ros_ws/build/wall_follower' returned '2': CMAKE_PREFIX_PATH=${CMAKE_PREFIX_PATH}:/opt/ros/humble /usr/bin/cmake --build /home/chris/ros_ws/build/wall_follower -- -j20 -l20
