[0.314s] Invoking command in '/home/chris/ros_ws/build/naoqi_driver': CMAKE_PREFIX_PATH=/home/chris/ros_ws/install/naoqi_libqicore:/home/chris/ros_ws/install/naoqi_libqi:/home/chris/ros_ws/install/naoqi_bridge_msgs:/home/chris/ros_ws/install/wall_follower:/home/chris/ros_ws/install/pepper_wall_follower:/home/chris/ros_ws/install/pepper_meshes:/home/chris/ros_ws/install/naoqi_driver:/home/chris/ros_ws/install/nao_meshes:/opt/ros/humble LD_LIBRARY_PATH=/home/chris/ros_ws/install/naoqi_libqi/lib:/home/chris/ros_ws/install/naoqi_bridge_msgs/lib:/home/chris/ros_ws/install/naoqi_driver/lib:/home/chris/ros_ws/install/naoqi_libqicore/lib:/opt/ros/humble/opt/rviz_ogre_vendor/lib:/opt/ros/humble/lib/x86_64-linux-gnu:/opt/ros/humble/lib /usr/bin/cmake /home/chris/ros_ws/src/naoqi_driver2 -DAMENT_CMAKE_SYMLINK_INSTALL=1 -DCMAKE_INSTALL_PREFIX=/home/chris/ros_ws/install/naoqi_driver
[0.328s] -- Found ament_cmake: 1.3.12 (/opt/ros/humble/share/ament_cmake/cmake)
[0.444s] -- Override CMake install command with custom implementation using symlinks instead of copying resources
[0.462s] -- Found rclcpp: 16.0.15 (/opt/ros/humble/share/rclcpp/cmake)
[0.685s] -- Found rosidl_generator_c: 3.1.7 (/opt/ros/humble/share/rosidl_generator_c/cmake)
[0.689s] -- Found rosidl_adapter: 3.1.7 (/opt/ros/humble/share/rosidl_adapter/cmake)
[0.698s] -- Found rosidl_generator_cpp: 3.1.7 (/opt/ros/humble/share/rosidl_generator_cpp/cmake)
[0.713s] -- Using all available rosidl_typesupport_c: rosidl_typesupport_fastrtps_c;rosidl_typesupport_introspection_c
[0.729s] -- Using all available rosidl_typesupport_cpp: rosidl_typesupport_fastrtps_cpp;rosidl_typesupport_introspection_cpp
[0.772s] -- Found rmw_implementation_cmake: 6.1.2 (/opt/ros/humble/share/rmw_implementation_cmake/cmake)
[0.775s] -- Found rmw_fastrtps_cpp: 6.2.8 (/opt/ros/humble/share/rmw_fastrtps_cpp/cmake)
[10.699s] -- Using RMW implementation 'rmw_fastrtps_cpp' as default
[10.772s] -- Found rosidl_default_generators: 1.2.0 (/opt/ros/humble/share/rosidl_default_generators/cmake)
[10.784s] -- Found cv_bridge: 3.2.1 (/opt/ros/humble/share/cv_bridge/cmake)
[10.841s] -- Found diagnostic_msgs: 4.9.0 (/opt/ros/humble/share/diagnostic_msgs/cmake)
[10.862s] -- Found diagnostic_updater: 4.0.6 (/opt/ros/humble/share/diagnostic_updater/cmake)
[10.869s] -- Found image_transport: 3.1.12 (/opt/ros/humble/share/image_transport/cmake)
[13.417s] -- Found kdl_parser: 2.6.4 (/opt/ros/humble/share/kdl_parser/cmake)
[13.421s] -- Found eigen3_cmake_module: 0.1.1 (/opt/ros/humble/share/eigen3_cmake_module/cmake)
[13.423s] -- Ensuring Eigen3 include directory is part of orocos-kdl CMake target
[13.427s] -- Found naoqi_bridge_msgs: 2.1.0 (/home/chris/ros_ws/install/naoqi_bridge_msgs/share/naoqi_bridge_msgs/cmake)
[13.532s] -- Found naoqi_libqi: 3.0.3 (/home/chris/ros_ws/install/naoqi_libqi/share/naoqi_libqi/cmake)
[13.534s] -- Found naoqi_libqicore: 3.0.0 (/home/chris/ros_ws/install/naoqi_libqicore/share/naoqi_libqicore/cmake)
[13.542s] -- Found robot_state_publisher: 3.0.3 (/opt/ros/humble/share/robot_state_publisher/cmake)
[13.628s] -- Found tf2_geometry_msgs: 0.25.16 (/opt/ros/humble/share/tf2_geometry_msgs/cmake)
[13.730s] -- Configuring done
[13.828s] -- Generating done
[13.839s] -- Build files have been written to: /home/chris/ros_ws/build/naoqi_driver
[13.849s] Invoked command in '/home/chris/ros_ws/build/naoqi_driver' returned '0': CMAKE_PREFIX_PATH=/home/chris/ros_ws/install/naoqi_libqicore:/home/chris/ros_ws/install/naoqi_libqi:/home/chris/ros_ws/install/naoqi_bridge_msgs:/home/chris/ros_ws/install/wall_follower:/home/chris/ros_ws/install/pepper_wall_follower:/home/chris/ros_ws/install/pepper_meshes:/home/chris/ros_ws/install/naoqi_driver:/home/chris/ros_ws/install/nao_meshes:/opt/ros/humble LD_LIBRARY_PATH=/home/chris/ros_ws/install/naoqi_libqi/lib:/home/chris/ros_ws/install/naoqi_bridge_msgs/lib:/home/chris/ros_ws/install/naoqi_driver/lib:/home/chris/ros_ws/install/naoqi_libqicore/lib:/opt/ros/humble/opt/rviz_ogre_vendor/lib:/opt/ros/humble/lib/x86_64-linux-gnu:/opt/ros/humble/lib /usr/bin/cmake /home/chris/ros_ws/src/naoqi_driver2 -DAMENT_CMAKE_SYMLINK_INSTALL=1 -DCMAKE_INSTALL_PREFIX=/home/chris/ros_ws/install/naoqi_driver
[13.850s] Invoking command in '/home/chris/ros_ws/build/naoqi_driver': CMAKE_PREFIX_PATH=/home/chris/ros_ws/install/naoqi_libqicore:/home/chris/ros_ws/install/naoqi_libqi:/home/chris/ros_ws/install/naoqi_bridge_msgs:/home/chris/ros_ws/install/wall_follower:/home/chris/ros_ws/install/pepper_wall_follower:/home/chris/ros_ws/install/pepper_meshes:/home/chris/ros_ws/install/naoqi_driver:/home/chris/ros_ws/install/nao_meshes:/opt/ros/humble LD_LIBRARY_PATH=/home/chris/ros_ws/install/naoqi_libqi/lib:/home/chris/ros_ws/install/naoqi_bridge_msgs/lib:/home/chris/ros_ws/install/naoqi_driver/lib:/home/chris/ros_ws/install/naoqi_libqicore/lib:/opt/ros/humble/opt/rviz_ogre_vendor/lib:/opt/ros/humble/lib/x86_64-linux-gnu:/opt/ros/humble/lib /usr/bin/cmake --build /home/chris/ros_ws/build/naoqi_driver -- -j20 -l20
[13.972s] [35m[1mConsolidate compiler generated dependencies of target naoqi_driver[0m
[14.157s] [  2%] [32mBuilding CXX object CMakeFiles/naoqi_driver.dir/src/naoqi_driver.cpp.o[0m
[14.160s] [  4%] [32mBuilding CXX object CMakeFiles/naoqi_driver.dir/src/helpers/ros_helpers.cpp.o[0m
[14.160s] [  6%] [32mBuilding CXX object CMakeFiles/naoqi_driver.dir/src/helpers/driver_helpers.cpp.o[0m
[14.161s] [  9%] [32mBuilding CXX object CMakeFiles/naoqi_driver.dir/src/recorder/globalrecorder.cpp.o[0m
[14.165s] [ 11%] [32mBuilding CXX object CMakeFiles/naoqi_driver.dir/src/event/audio.cpp.o[0m
[14.169s] [ 13%] [32mBuilding CXX object CMakeFiles/naoqi_driver.dir/src/event/touch.cpp.o[0m
[14.173s] [ 16%] [32mBuilding CXX object CMakeFiles/naoqi_driver.dir/src/converters/audio.cpp.o[0m
[14.175s] [ 18%] [32mBuilding CXX object CMakeFiles/naoqi_driver.dir/src/converters/touch.cpp.o[0m
[14.183s] [ 20%] [32mBuilding CXX object CMakeFiles/naoqi_driver.dir/src/converters/camera.cpp.o[0m
[14.187s] [ 23%] [32mBuilding CXX object CMakeFiles/naoqi_driver.dir/src/converters/diagnostics.cpp.o[0m
[14.194s] [ 25%] [32mBuilding CXX object CMakeFiles/naoqi_driver.dir/src/converters/imu.cpp.o[0m
[14.198s] [ 27%] [32mBuilding CXX object CMakeFiles/naoqi_driver.dir/src/converters/joint_state.cpp.o[0m
[14.198s] [ 30%] [32mBuilding CXX object CMakeFiles/naoqi_driver.dir/src/converters/info.cpp.o[0m
[14.203s] [ 32%] [32mBuilding CXX object CMakeFiles/naoqi_driver.dir/src/converters/laser.cpp.o[0m
[14.207s] [ 34%] [32mBuilding CXX object CMakeFiles/naoqi_driver.dir/src/converters/memory_list.cpp.o[0m
[14.210s] [ 37%] [32mBuilding CXX object CMakeFiles/naoqi_driver.dir/src/converters/memory/bool.cpp.o[0m
[14.219s] [ 39%] [32mBuilding CXX object CMakeFiles/naoqi_driver.dir/src/converters/memory/int.cpp.o[0m
[14.220s] [ 41%] [32mBuilding CXX object CMakeFiles/naoqi_driver.dir/src/converters/memory/float.cpp.o[0m
[14.223s] [ 44%] [32mBuilding CXX object CMakeFiles/naoqi_driver.dir/src/converters/memory/string.cpp.o[0m
[14.229s] [ 46%] [32mBuilding CXX object CMakeFiles/naoqi_driver.dir/src/converters/sonar.cpp.o[0m
[22.019s] In file included from [01m[K/usr/include/boost/bind.hpp:30[m[K,
[22.047s]                  from [01m[K/usr/include/boost/property_tree/json_parser/detail/parser.hpp:7[m[K,
[22.047s]                  from [01m[K/usr/include/boost/property_tree/json_parser/detail/read.hpp:13[m[K,
[22.047s]                  from [01m[K/usr/include/boost/property_tree/json_parser.hpp:16[m[K,
[22.047s]                  from [01m[K/home/chris/ros_ws/src/naoqi_driver2/src/naoqi_driver.cpp:21[m[K:
[22.061s] [01m[K/usr/include/boost/bind.hpp:36:1:[m[K [01;36m[Knote: [m[Kâ€˜[01m[K#pragma message: The practice of declaring the Bind placeholders (_1, _2, ...) in the global namespace is deprecated. Please use <boost/bind/bind.hpp> + using namespace boost::placeholders, or define BOOST_BIND_GLOBAL_PLACEHOLDERS to retain the current behavior.[m[Kâ€™
[22.062s]    36 | [01;36m[KBOOST_PRAGMA_MESSAGE[m[K(
[22.062s]       | [01;36m[K^~~~~~~~~~~~~~~~~~~~[m[K
[23.148s] [ 48%] [32mBuilding CXX object CMakeFiles/naoqi_driver.dir/src/converters/log.cpp.o[0m
[93.196s] [01m[Kc++:[m[K [01;31m[Kfatal error: [m[KKilled signal terminated program cc1plus
[93.198s] compilation terminated.
[93.198s] gmake[2]: *** [CMakeFiles/naoqi_driver.dir/build.make:146: CMakeFiles/naoqi_driver.dir/src/event/touch.cpp.o] Error 1
[93.198s] gmake[2]: *** Waiting for unfinished jobs....
[94.941s] [01m[Kc++:[m[K [01;31m[Kfatal error: [m[KKilled signal terminated program cc1plus
[94.942s] compilation terminated.
[94.942s] gmake[2]: *** [CMakeFiles/naoqi_driver.dir/build.make:342: CMakeFiles/naoqi_driver.dir/src/converters/sonar.cpp.o] Error 1
[116.242s] [01m[Kc++:[m[K [01;31m[Kfatal error: [m[KKilled signal terminated program cc1plus
[116.250s] compilation terminated.
[116.251s] gmake[2]: *** [CMakeFiles/naoqi_driver.dir/build.make:90: CMakeFiles/naoqi_driver.dir/src/helpers/driver_helpers.cpp.o] Error 1
[124.734s] gmake[2]: *** [CMakeFiles/naoqi_driver.dir/build.make:76: CMakeFiles/naoqi_driver.dir/src/naoqi_driver.cpp.o] Interrupt
[124.749s] gmake[2]: *** [CMakeFiles/naoqi_driver.dir/build.make:118: CMakeFiles/naoqi_driver.dir/src/recorder/globalrecorder.cpp.o] Interrupt
[124.749s] gmake[2]: *** [CMakeFiles/naoqi_driver.dir/build.make:132: CMakeFiles/naoqi_driver.dir/src/event/audio.cpp.o] Interrupt
[124.749s] gmake[2]: *** [CMakeFiles/naoqi_driver.dir/build.make:160: CMakeFiles/naoqi_driver.dir/src/converters/audio.cpp.o] Interrupt
[124.749s] gmake[2]: *** [CMakeFiles/naoqi_driver.dir/build.make:174: CMakeFiles/naoqi_driver.dir/src/converters/touch.cpp.o] Interrupt
[124.749s] gmake[2]: *** [CMakeFiles/naoqi_driver.dir/build.make:188: CMakeFiles/naoqi_driver.dir/src/converters/camera.cpp.o] Interrupt
[124.749s] gmake[2]: *** [CMakeFiles/naoqi_driver.dir/build.make:202: CMakeFiles/naoqi_driver.dir/src/converters/diagnostics.cpp.o] Interrupt
[124.750s] gmake[2]: *** [CMakeFiles/naoqi_driver.dir/build.make:216: CMakeFiles/naoqi_driver.dir/src/converters/imu.cpp.o] Interrupt
[124.750s] gmake[2]: *** [CMakeFiles/naoqi_driver.dir/build.make:230: CMakeFiles/naoqi_driver.dir/src/converters/info.cpp.o] Interrupt
[124.750s] gmake[2]: *** [CMakeFiles/naoqi_driver.dir/build.make:244: CMakeFiles/naoqi_driver.dir/src/converters/joint_state.cpp.o] Interrupt
[124.750s] gmake[2]: *** [CMakeFiles/naoqi_driver.dir/build.make:258: CMakeFiles/naoqi_driver.dir/src/converters/laser.cpp.o] Interrupt
[124.758s] gmake[2]: *** [CMakeFiles/naoqi_driver.dir/build.make:272: CMakeFiles/naoqi_driver.dir/src/converters/memory_list.cpp.o] Interrupt
[124.758s] gmake[2]: *** [CMakeFiles/naoqi_driver.dir/build.make:286: CMakeFiles/naoqi_driver.dir/src/converters/memory/bool.cpp.o] Interrupt
[124.759s] gmake[2]: *** [CMakeFiles/naoqi_driver.dir/build.make:300: CMakeFiles/naoqi_driver.dir/src/converters/memory/int.cpp.o] Interrupt
[124.759s] gmake[2]: *** [CMakeFiles/naoqi_driver.dir/build.make:328: CMakeFiles/naoqi_driver.dir/src/converters/memory/string.cpp.o] Interrupt
[124.773s] gmake[2]: *** [CMakeFiles/naoqi_driver.dir/build.make:314: CMakeFiles/naoqi_driver.dir/src/converters/memory/float.cpp.o] Interrupt
[124.777s] gmake[2]: *** [CMakeFiles/naoqi_driver.dir/build.make:356: CMakeFiles/naoqi_driver.dir/src/converters/log.cpp.o] Interrupt
[124.777s] gmake[1]: *** [CMakeFiles/Makefile2:139: CMakeFiles/naoqi_driver.dir/all] Interrupt
[124.777s] gmake: *** [Makefile:146: all] Interrupt
[125.042s] Invoked command in '/home/chris/ros_ws/build/naoqi_driver' returned '-2': CMAKE_PREFIX_PATH=/home/chris/ros_ws/install/naoqi_libqicore:/home/chris/ros_ws/install/naoqi_libqi:/home/chris/ros_ws/install/naoqi_bridge_msgs:/home/chris/ros_ws/install/wall_follower:/home/chris/ros_ws/install/pepper_wall_follower:/home/chris/ros_ws/install/pepper_meshes:/home/chris/ros_ws/install/naoqi_driver:/home/chris/ros_ws/install/nao_meshes:/opt/ros/humble LD_LIBRARY_PATH=/home/chris/ros_ws/install/naoqi_libqi/lib:/home/chris/ros_ws/install/naoqi_bridge_msgs/lib:/home/chris/ros_ws/install/naoqi_driver/lib:/home/chris/ros_ws/install/naoqi_libqicore/lib:/opt/ros/humble/opt/rviz_ogre_vendor/lib:/opt/ros/humble/lib/x86_64-linux-gnu:/opt/ros/humble/lib /usr/bin/cmake --build /home/chris/ros_ws/build/naoqi_driver -- -j20 -l20
