[01m[K/home/chris/ros_ws/src/pepper_wall_follower/src/pepper_wall_follower.cpp:[m[K In member function â€˜[01m[Kvoid PepperWallFollower::scan_callback(sensor_msgs::msg::LaserScan_<std::allocator<void> >::SharedPtr)[m[Kâ€™:
[01m[K/home/chris/ros_ws/src/pepper_wall_follower/src/pepper_wall_follower.cpp:78:25:[m[K [01;31m[Kerror: [m[Kâ€˜[01m[Kstart_idx[m[Kâ€™ was not declared in this scope; did you mean â€˜[01m[Kstart_x[m[Kâ€™?
   78 |         for (size_t j = [01;31m[Kstart_idx[m[K; j < end_idx && j < total_readings; j++) {
      |                         [01;31m[K^~~~~~~~~[m[K
      |                         [32m[Kstart_x[m[K
[01m[K/home/chris/ros_ws/src/pepper_wall_follower/src/pepper_wall_follower.cpp:78:40:[m[K [01;31m[Kerror: [m[Kâ€˜[01m[Kend_idx[m[Kâ€™ was not declared in this scope
   78 |         for (size_t j = start_idx; j < [01;31m[Kend_idx[m[K && j < total_readings; j++) {
      |                                        [01;31m[K^~~~~~~[m[K
gmake[2]: *** [CMakeFiles/pepper_wall_follower.dir/build.make:76: CMakeFiles/pepper_wall_follower.dir/src/pepper_wall_follower.cpp.o] Error 1
gmake[1]: *** [CMakeFiles/Makefile2:137: CMakeFiles/pepper_wall_follower.dir/all] Error 2
gmake: *** [Makefile:146: all] Error 2
