[0.178s] Invoking command in '/home/chris/ros_ws/build/pepper_wall_follower': CMAKE_PREFIX_PATH=/home/chris/ros_ws/install/naoqi_bridge_msgs:/home/chris/ros_ws/install/wall_follower:/home/chris/ros_ws/install/pepper_wall_follower:/home/chris/ros_ws/install/pepper_meshes:/home/chris/ros_ws/install/naoqi_driver:/home/chris/ros_ws/install/naoqi_libqicore:/home/chris/ros_ws/install/naoqi_libqi:/home/chris/ros_ws/install/nao_meshes:/opt/ros/humble LD_LIBRARY_PATH=/home/chris/ros_ws/install/naoqi_bridge_msgs/lib:/home/chris/ros_ws/install/naoqi_driver/lib:/home/chris/ros_ws/install/naoqi_libqicore/lib:/home/chris/ros_ws/install/naoqi_libqi/lib:/opt/ros/humble/opt/rviz_ogre_vendor/lib:/opt/ros/humble/lib/x86_64-linux-gnu:/opt/ros/humble/lib /usr/bin/cmake --build /home/chris/ros_ws/build/pepper_wall_follower -- -j20 -l20
[0.218s] [35m[1mConsolidate compiler generated dependencies of target pepper_wall_follower[0m
[0.234s] [ 50%] [32mBuilding CXX object CMakeFiles/pepper_wall_follower.dir/src/pepper_wall_follower.cpp.o[0m
[2.941s] [01m[K/home/chris/ros_ws/src/pepper_wall_follower/src/pepper_wall_follower.cpp:[m[K In member function â€˜[01m[Kvoid PepperWallFollower::scan_callback(sensor_msgs::msg::LaserScan_<std::allocator<void> >::SharedPtr)[m[Kâ€™:
[2.941s] [01m[K/home/chris/ros_ws/src/pepper_wall_follower/src/pepper_wall_follower.cpp:60:25:[m[K [01;31m[Kerror: [m[Kâ€˜[01m[Kstart_idx[m[Kâ€™ was not declared in this scope; did you mean â€˜[01m[Kstart_x[m[Kâ€™?
[2.941s]    60 |         for (size_t j = [01;31m[Kstart_idx[m[K; j < end_idx && j < total_readings; j++) {
[2.941s]       |                         [01;31m[K^~~~~~~~~[m[K
[2.941s]       |                         [32m[Kstart_x[m[K
[2.947s] [01m[K/home/chris/ros_ws/src/pepper_wall_follower/src/pepper_wall_follower.cpp:60:40:[m[K [01;31m[Kerror: [m[Kâ€˜[01m[Kend_idx[m[Kâ€™ was not declared in this scope
[2.947s]    60 |         for (size_t j = start_idx; j < [01;31m[Kend_idx[m[K && j < total_readings; j++) {
[2.947s]       |                                        [01;31m[K^~~~~~~[m[K
[6.405s] gmake[2]: *** [CMakeFiles/pepper_wall_follower.dir/build.make:76: CMakeFiles/pepper_wall_follower.dir/src/pepper_wall_follower.cpp.o] Error 1
[6.406s] gmake[1]: *** [CMakeFiles/Makefile2:137: CMakeFiles/pepper_wall_follower.dir/all] Error 2
[6.406s] gmake: *** [Makefile:146: all] Error 2
[6.412s] Invoked command in '/home/chris/ros_ws/build/pepper_wall_follower' returned '2': CMAKE_PREFIX_PATH=/home/chris/ros_ws/install/naoqi_bridge_msgs:/home/chris/ros_ws/install/wall_follower:/home/chris/ros_ws/install/pepper_wall_follower:/home/chris/ros_ws/install/pepper_meshes:/home/chris/ros_ws/install/naoqi_driver:/home/chris/ros_ws/install/naoqi_libqicore:/home/chris/ros_ws/install/naoqi_libqi:/home/chris/ros_ws/install/nao_meshes:/opt/ros/humble LD_LIBRARY_PATH=/home/chris/ros_ws/install/naoqi_bridge_msgs/lib:/home/chris/ros_ws/install/naoqi_driver/lib:/home/chris/ros_ws/install/naoqi_libqicore/lib:/home/chris/ros_ws/install/naoqi_libqi/lib:/opt/ros/humble/opt/rviz_ogre_vendor/lib:/opt/ros/humble/lib/x86_64-linux-gnu:/opt/ros/humble/lib /usr/bin/cmake --build /home/chris/ros_ws/build/pepper_wall_follower -- -j20 -l20
