[0.890s] Invoking command in '/home/chris/ros_ws/build/naoqi_driver': AMENT_PREFIX_PATH=/home/chris/ros_ws/install/naoqi_libqicore:/home/chris/ros_ws/install/naoqi_libqi:/home/chris/ros_ws/install/naoqi_bridge_msgs:${AMENT_PREFIX_PATH} CMAKE_PREFIX_PATH=/home/chris/ros_ws/install/naoqi_libqicore:/home/chris/ros_ws/install/naoqi_libqi:/home/chris/ros_ws/install/naoqi_bridge_msgs:/opt/ros/humble LD_LIBRARY_PATH=/home/chris/ros_ws/install/naoqi_libqicore/lib:/home/chris/ros_ws/install/naoqi_libqi/lib:/home/chris/ros_ws/install/naoqi_bridge_msgs/lib:${LD_LIBRARY_PATH} PYTHONPATH=/home/chris/ros_ws/install/naoqi_bridge_msgs/local/lib/python3.10/dist-packages:${PYTHONPATH} /usr/bin/cmake /home/chris/ros_ws/src/naoqi_driver2 -DAMENT_CMAKE_SYMLINK_INSTALL=1 -DCMAKE_INSTALL_PREFIX=/home/chris/ros_ws/install/naoqi_driver
[1.256s] -- The C compiler identification is GNU 11.4.0
[3.015s] -- The CXX compiler identification is GNU 11.4.0
[4.748s] -- Detecting C compiler ABI info
[5.208s] -- Detecting C compiler ABI info - done
[5.217s] -- Check for working C compiler: /usr/bin/cc - skipped
[5.217s] -- Detecting C compile features
[5.217s] -- Detecting C compile features - done
[5.221s] -- Detecting CXX compiler ABI info
[5.581s] -- Detecting CXX compiler ABI info - done
[5.588s] -- Check for working CXX compiler: /usr/bin/c++ - skipped
[5.588s] -- Detecting CXX compile features
[5.588s] -- Detecting CXX compile features - done
[5.591s] -- Found ament_cmake: 1.3.12 (/opt/ros/humble/share/ament_cmake/cmake)
[5.740s] -- Found Python3: /usr/bin/python3 (found version "3.10.12") found components: Interpreter 
[5.803s] -- Override CMake install command with custom implementation using symlinks instead of copying resources
[5.826s] -- Found rclcpp: 16.0.15 (/opt/ros/humble/share/rclcpp/cmake)
[6.301s] -- Found rosidl_generator_c: 3.1.7 (/opt/ros/humble/share/rosidl_generator_c/cmake)
[6.314s] -- Found rosidl_adapter: 3.1.7 (/opt/ros/humble/share/rosidl_adapter/cmake)
[6.336s] -- Found rosidl_generator_cpp: 3.1.7 (/opt/ros/humble/share/rosidl_generator_cpp/cmake)
[6.362s] -- Using all available rosidl_typesupport_c: rosidl_typesupport_fastrtps_c;rosidl_typesupport_introspection_c
[6.383s] -- Using all available rosidl_typesupport_cpp: rosidl_typesupport_fastrtps_cpp;rosidl_typesupport_introspection_cpp
[6.443s] -- Found rmw_implementation_cmake: 6.1.2 (/opt/ros/humble/share/rmw_implementation_cmake/cmake)
[6.447s] -- Found rmw_fastrtps_cpp: 6.2.8 (/opt/ros/humble/share/rmw_fastrtps_cpp/cmake)
[11.985s] -- Found OpenSSL: /usr/lib/x86_64-linux-gnu/libcrypto.so (found version "3.0.2")  
[16.817s] -- Found FastRTPS: /opt/ros/humble/include  
[20.573s] -- Using RMW implementation 'rmw_fastrtps_cpp' as default
[20.594s] -- Looking for pthread.h
[20.767s] -- Looking for pthread.h - found
[20.768s] -- Performing Test CMAKE_HAVE_LIBC_PTHREAD
[20.965s] -- Performing Test CMAKE_HAVE_LIBC_PTHREAD - Success
[20.966s] -- Found Threads: TRUE  
[21.029s] -- Found rosidl_default_generators: 1.2.0 (/opt/ros/humble/share/rosidl_default_generators/cmake)
[21.039s] -- Found cv_bridge: 3.2.1 (/opt/ros/humble/share/cv_bridge/cmake)
[21.086s] -- Found diagnostic_msgs: 4.9.0 (/opt/ros/humble/share/diagnostic_msgs/cmake)
[21.102s] -- Found diagnostic_updater: 4.0.6 (/opt/ros/humble/share/diagnostic_updater/cmake)
[21.110s] -- Found image_transport: 3.1.12 (/opt/ros/humble/share/image_transport/cmake)
[23.377s] -- Found kdl_parser: 2.6.4 (/opt/ros/humble/share/kdl_parser/cmake)
[23.428s] -- Found eigen3_cmake_module: 0.1.1 (/opt/ros/humble/share/eigen3_cmake_module/cmake)
[23.430s] -- Found Eigen3: TRUE (found version "3.4.0") 
[23.430s] -- Ensuring Eigen3 include directory is part of orocos-kdl CMake target
[23.434s] -- Found naoqi_bridge_msgs: 2.1.0 (/home/chris/ros_ws/install/naoqi_bridge_msgs/share/naoqi_bridge_msgs/cmake)
[23.531s] -- Found naoqi_libqi: 3.0.3 (/home/chris/ros_ws/install/naoqi_libqi/share/naoqi_libqi/cmake)
[23.532s] -- Found naoqi_libqicore: 3.0.0 (/home/chris/ros_ws/install/naoqi_libqicore/share/naoqi_libqicore/cmake)
[23.541s] -- Found robot_state_publisher: 3.0.3 (/opt/ros/humble/share/robot_state_publisher/cmake)
[23.627s] -- Found tf2_geometry_msgs: 0.25.16 (/opt/ros/humble/share/tf2_geometry_msgs/cmake)
[23.634s] -- Found OpenCV: /usr (found version "4.5.4") 
[23.734s] -- Configuring done
[23.814s] -- Generating done
[23.823s] -- Build files have been written to: /home/chris/ros_ws/build/naoqi_driver
[23.835s] Invoked command in '/home/chris/ros_ws/build/naoqi_driver' returned '0': AMENT_PREFIX_PATH=/home/chris/ros_ws/install/naoqi_libqicore:/home/chris/ros_ws/install/naoqi_libqi:/home/chris/ros_ws/install/naoqi_bridge_msgs:${AMENT_PREFIX_PATH} CMAKE_PREFIX_PATH=/home/chris/ros_ws/install/naoqi_libqicore:/home/chris/ros_ws/install/naoqi_libqi:/home/chris/ros_ws/install/naoqi_bridge_msgs:/opt/ros/humble LD_LIBRARY_PATH=/home/chris/ros_ws/install/naoqi_libqicore/lib:/home/chris/ros_ws/install/naoqi_libqi/lib:/home/chris/ros_ws/install/naoqi_bridge_msgs/lib:${LD_LIBRARY_PATH} PYTHONPATH=/home/chris/ros_ws/install/naoqi_bridge_msgs/local/lib/python3.10/dist-packages:${PYTHONPATH} /usr/bin/cmake /home/chris/ros_ws/src/naoqi_driver2 -DAMENT_CMAKE_SYMLINK_INSTALL=1 -DCMAKE_INSTALL_PREFIX=/home/chris/ros_ws/install/naoqi_driver
[23.836s] Invoking command in '/home/chris/ros_ws/build/naoqi_driver': AMENT_PREFIX_PATH=/home/chris/ros_ws/install/naoqi_libqicore:/home/chris/ros_ws/install/naoqi_libqi:/home/chris/ros_ws/install/naoqi_bridge_msgs:${AMENT_PREFIX_PATH} CMAKE_PREFIX_PATH=/home/chris/ros_ws/install/naoqi_libqicore:/home/chris/ros_ws/install/naoqi_libqi:/home/chris/ros_ws/install/naoqi_bridge_msgs:/opt/ros/humble LD_LIBRARY_PATH=/home/chris/ros_ws/install/naoqi_libqicore/lib:/home/chris/ros_ws/install/naoqi_libqi/lib:/home/chris/ros_ws/install/naoqi_bridge_msgs/lib:${LD_LIBRARY_PATH} PYTHONPATH=/home/chris/ros_ws/install/naoqi_bridge_msgs/local/lib/python3.10/dist-packages:${PYTHONPATH} /usr/bin/cmake --build /home/chris/ros_ws/build/naoqi_driver -- -j20 -l20
[23.892s] [  2%] [32mBuilding CXX object CMakeFiles/naoqi_driver.dir/src/naoqi_driver.cpp.o[0m
[23.893s] [  4%] [32mBuilding CXX object CMakeFiles/naoqi_driver.dir/src/helpers/driver_helpers.cpp.o[0m
[23.893s] [  6%] [32mBuilding CXX object CMakeFiles/naoqi_driver.dir/src/helpers/ros_helpers.cpp.o[0m
[23.895s] [  9%] [32mBuilding CXX object CMakeFiles/naoqi_driver.dir/src/event/audio.cpp.o[0m
[23.899s] [ 11%] [32mBuilding CXX object CMakeFiles/naoqi_driver.dir/src/event/touch.cpp.o[0m
[23.900s] [ 13%] [32mBuilding CXX object CMakeFiles/naoqi_driver.dir/src/recorder/globalrecorder.cpp.o[0m
[23.904s] [ 16%] [32mBuilding CXX object CMakeFiles/naoqi_driver.dir/src/converters/touch.cpp.o[0m
[23.904s] [ 18%] [32mBuilding CXX object CMakeFiles/naoqi_driver.dir/src/converters/camera.cpp.o[0m
[23.905s] [ 20%] [32mBuilding CXX object CMakeFiles/naoqi_driver.dir/src/converters/diagnostics.cpp.o[0m
[23.907s] [ 23%] [32mBuilding CXX object CMakeFiles/naoqi_driver.dir/src/converters/audio.cpp.o[0m
[23.907s] [ 25%] [32mBuilding CXX object CMakeFiles/naoqi_driver.dir/src/converters/info.cpp.o[0m
[23.907s] [ 27%] [32mBuilding CXX object CMakeFiles/naoqi_driver.dir/src/converters/imu.cpp.o[0m
[23.910s] [ 30%] [32mBuilding CXX object CMakeFiles/naoqi_driver.dir/src/converters/laser.cpp.o[0m
[23.910s] [ 32%] [32mBuilding CXX object CMakeFiles/naoqi_driver.dir/src/converters/joint_state.cpp.o[0m
[23.913s] [ 34%] [32mBuilding CXX object CMakeFiles/naoqi_driver.dir/src/converters/memory_list.cpp.o[0m
[23.914s] [ 37%] [32mBuilding CXX object CMakeFiles/naoqi_driver.dir/src/converters/memory/bool.cpp.o[0m
[23.917s] [ 39%] [32mBuilding CXX object CMakeFiles/naoqi_driver.dir/src/converters/memory/int.cpp.o[0m
[23.920s] [ 41%] [32mBuilding CXX object CMakeFiles/naoqi_driver.dir/src/converters/memory/float.cpp.o[0m
[23.927s] [ 44%] [32mBuilding CXX object CMakeFiles/naoqi_driver.dir/src/converters/memory/string.cpp.o[0m
[23.927s] [ 46%] [32mBuilding CXX object CMakeFiles/naoqi_driver.dir/src/converters/sonar.cpp.o[0m
[30.171s] In file included from [01m[K/usr/include/boost/bind.hpp:30[m[K,
[30.173s]                  from [01m[K/usr/include/boost/property_tree/json_parser/detail/parser.hpp:7[m[K,
[30.173s]                  from [01m[K/usr/include/boost/property_tree/json_parser/detail/read.hpp:13[m[K,
[30.173s]                  from [01m[K/usr/include/boost/property_tree/json_parser.hpp:16[m[K,
[30.173s]                  from [01m[K/home/chris/ros_ws/src/naoqi_driver2/src/naoqi_driver.cpp:21[m[K:
[30.173s] [01m[K/usr/include/boost/bind.hpp:36:1:[m[K [01;36m[Knote: [m[Kâ€˜[01m[K#pragma message: The practice of declaring the Bind placeholders (_1, _2, ...) in the global namespace is deprecated. Please use <boost/bind/bind.hpp> + using namespace boost::placeholders, or define BOOST_BIND_GLOBAL_PLACEHOLDERS to retain the current behavior.[m[Kâ€™
[30.174s]    36 | [01;36m[KBOOST_PRAGMA_MESSAGE[m[K(
[30.174s]       | [01;36m[K^~~~~~~~~~~~~~~~~~~~[m[K
[31.199s] [ 48%] [32mBuilding CXX object CMakeFiles/naoqi_driver.dir/src/converters/log.cpp.o[0m
[128.448s] [01m[Kc++:[m[K [01;31m[Kfatal error: [m[KKilled signal terminated program cc1plus
[128.454s] compilation terminated.
[128.454s] gmake[2]: *** [CMakeFiles/naoqi_driver.dir/build.make:132: CMakeFiles/naoqi_driver.dir/src/event/audio.cpp.o] Error 1
[128.454s] gmake[2]: *** Waiting for unfinished jobs....
[229.159s] [01m[Kc++:[m[K [01;31m[Kfatal error: [m[KKilled signal terminated program cc1plus
[229.160s] compilation terminated.
[229.172s] gmake[2]: *** [CMakeFiles/naoqi_driver.dir/build.make:76: CMakeFiles/naoqi_driver.dir/src/naoqi_driver.cpp.o] Error 1
[249.765s] [01m[Kc++:[m[K [01;31m[Kfatal error: [m[KKilled signal terminated program cc1plus
[249.771s] compilation terminated.
[249.782s] gmake[2]: *** [CMakeFiles/naoqi_driver.dir/build.make:286: CMakeFiles/naoqi_driver.dir/src/converters/memory/bool.cpp.o] Error 1
[272.991s] [01m[Kc++:[m[K [01;31m[Kfatal error: [m[KKilled signal terminated program cc1plus
[272.992s] compilation terminated.
[272.995s] gmake[2]: *** [CMakeFiles/naoqi_driver.dir/build.make:342: CMakeFiles/naoqi_driver.dir/src/converters/sonar.cpp.o] Error 1
[304.178s] [01m[Kc++:[m[K [01;31m[Kfatal error: [m[KKilled signal terminated program cc1plus
[304.180s] compilation terminated.
[304.180s] gmake[2]: *** [CMakeFiles/naoqi_driver.dir/build.make:244: CMakeFiles/naoqi_driver.dir/src/converters/joint_state.cpp.o] Error 1
[347.409s] [01m[Kc++:[m[K [01;31m[Kfatal error: [m[KKilled signal terminated program cc1plus
[347.415s] compilation terminated.
[347.415s] gmake[2]: *** [CMakeFiles/naoqi_driver.dir/build.make:146: CMakeFiles/naoqi_driver.dir/src/event/touch.cpp.o] Error 1
[359.502s] gmake[1]: *** [CMakeFiles/Makefile2:139: CMakeFiles/naoqi_driver.dir/all] Error 2
[359.504s] gmake: *** [Makefile:146: all] Error 2
[359.670s] Invoked command in '/home/chris/ros_ws/build/naoqi_driver' returned '2': AMENT_PREFIX_PATH=/home/chris/ros_ws/install/naoqi_libqicore:/home/chris/ros_ws/install/naoqi_libqi:/home/chris/ros_ws/install/naoqi_bridge_msgs:${AMENT_PREFIX_PATH} CMAKE_PREFIX_PATH=/home/chris/ros_ws/install/naoqi_libqicore:/home/chris/ros_ws/install/naoqi_libqi:/home/chris/ros_ws/install/naoqi_bridge_msgs:/opt/ros/humble LD_LIBRARY_PATH=/home/chris/ros_ws/install/naoqi_libqicore/lib:/home/chris/ros_ws/install/naoqi_libqi/lib:/home/chris/ros_ws/install/naoqi_bridge_msgs/lib:${LD_LIBRARY_PATH} PYTHONPATH=/home/chris/ros_ws/install/naoqi_bridge_msgs/local/lib/python3.10/dist-packages:${PYTHONPATH} /usr/bin/cmake --build /home/chris/ros_ws/build/naoqi_driver -- -j20 -l20
