[0.191s] Invoking command in '/home/chris/ros_ws/build/pepper_wall_follower': CMAKE_PREFIX_PATH=/home/chris/ros_ws/install/naoqi_bridge_msgs:/home/chris/ros_ws/install/wall_follower:/home/chris/ros_ws/install/pepper_wall_follower:/home/chris/ros_ws/install/pepper_meshes:/home/chris/ros_ws/install/naoqi_driver:/home/chris/ros_ws/install/naoqi_libqicore:/home/chris/ros_ws/install/naoqi_libqi:/home/chris/ros_ws/install/nao_meshes:/opt/ros/humble LD_LIBRARY_PATH=/home/chris/ros_ws/install/naoqi_bridge_msgs/lib:/home/chris/ros_ws/install/naoqi_driver/lib:/home/chris/ros_ws/install/naoqi_libqicore/lib:/home/chris/ros_ws/install/naoqi_libqi/lib:/opt/ros/humble/opt/rviz_ogre_vendor/lib:/opt/ros/humble/lib/x86_64-linux-gnu:/opt/ros/humble/lib /usr/bin/cmake --build /home/chris/ros_ws/build/pepper_wall_follower -- -j20 -l20
[0.247s] [ 50%] [32mBuilding CXX object CMakeFiles/pepper_wall_follower.dir/src/pepper_wall_follower.cpp.o[0m
[3.013s] [01m[K/home/chris/ros_ws/src/pepper_wall_follower/src/pepper_wall_follower.cpp:[m[K In member function â€˜[01m[Kvoid PepperWallFollower::update_callback()[m[Kâ€™:
[3.013s] [01m[K/home/chris/ros_ws/src/pepper_wall_follower/src/pepper_wall_follower.cpp:135:43:[m[K [01;31m[Kerror: [m[Kâ€˜[01m[Kmin[m[Kâ€™ was not declared in this scope; did you mean â€˜[01m[Kstd::min[m[Kâ€™?
[3.013s]   135 |     double blind_spot_[SECTOR_COUNT/3] = {[01;31m[Kmin[m[K(scan_data_[FRONT_RIGHT],scan_data_[RIGHT_FRONT]),
[3.013s]       |                                           [01;31m[K^~~[m[K
[3.013s]       |                                           [32m[Kstd::min[m[K
[3.013s] In file included from [01m[K/usr/include/c++/11/algorithm:62[m[K,
[3.014s]                  from [01m[K/opt/ros/humble/include/rclcpp/rclcpp/executor.hpp:18[m[K,
[3.014s]                  from [01m[K/opt/ros/humble/include/rclcpp/rclcpp/executors/multi_threaded_executor.hpp:25[m[K,
[3.014s]                  from [01m[K/opt/ros/humble/include/rclcpp/rclcpp/executors.hpp:21[m[K,
[3.014s]                  from [01m[K/opt/ros/humble/include/rclcpp/rclcpp/rclcpp.hpp:155[m[K,
[3.014s]                  from [01m[K/home/chris/ros_ws/src/pepper_wall_follower/include/pepper_wall_follower/pepper_wall_follower.hpp:4[m[K,
[3.014s]                  from [01m[K/home/chris/ros_ws/src/pepper_wall_follower/src/pepper_wall_follower.cpp:1[m[K:
[3.014s] [01m[K/usr/include/c++/11/bits/stl_algo.h:3455:5:[m[K [01;36m[Knote: [m[Kâ€˜[01m[Kstd::min[m[Kâ€™ declared here
[3.014s]  3455 |     [01;36m[Kmin[m[K(initializer_list<_Tp> __l, _Compare __comp)
[3.014s]       |     [01;36m[K^~~[m[K
[3.025s] In file included from [01m[K/opt/ros/humble/include/rclcpp/rclcpp/logging.hpp:24[m[K,
[3.025s]                  from [01m[K/opt/ros/humble/include/rclcpp/rclcpp/client.hpp:40[m[K,
[3.025s]                  from [01m[K/opt/ros/humble/include/rclcpp/rclcpp/callback_group.hpp:24[m[K,
[3.025s]                  from [01m[K/opt/ros/humble/include/rclcpp/rclcpp/any_executable.hpp:20[m[K,
[3.025s]                  from [01m[K/opt/ros/humble/include/rclcpp/rclcpp/memory_strategy.hpp:25[m[K,
[3.025s]                  from [01m[K/opt/ros/humble/include/rclcpp/rclcpp/memory_strategies.hpp:18[m[K,
[3.026s]                  from [01m[K/opt/ros/humble/include/rclcpp/rclcpp/executor_options.hpp:20[m[K,
[3.026s]                  from [01m[K/opt/ros/humble/include/rclcpp/rclcpp/executor.hpp:37[m[K,
[3.026s]                  from [01m[K/opt/ros/humble/include/rclcpp/rclcpp/executors/multi_threaded_executor.hpp:25[m[K,
[3.026s]                  from [01m[K/opt/ros/humble/include/rclcpp/rclcpp/executors.hpp:21[m[K,
[3.026s]                  from [01m[K/opt/ros/humble/include/rclcpp/rclcpp/rclcpp.hpp:155[m[K,
[3.026s]                  from [01m[K/home/chris/ros_ws/src/pepper_wall_follower/include/pepper_wall_follower/pepper_wall_follower.hpp:4[m[K,
[3.026s]                  from [01m[K/home/chris/ros_ws/src/pepper_wall_follower/src/pepper_wall_follower.cpp:1[m[K:
[3.026s] [01m[K/home/chris/ros_ws/src/pepper_wall_follower/src/pepper_wall_follower.cpp:[m[K In member function â€˜[01m[Kvoid PepperWallFollower::PrintScanData()[m[Kâ€™:
[3.027s] [01m[K/home/chris/ros_ws/src/pepper_wall_follower/src/pepper_wall_follower.cpp:321:9:[m[K [01;31m[Kerror: [m[Kâ€˜[01m[Kblind_spot_[m[Kâ€™ was not declared in this scope
[3.027s]   321 |         [01;31m[Kblind_spot_[m[K[BLIND_SPOT_LEFT],
[3.027s]       |         [01;31m[K^~~~~~~~~~~[m[K
[6.642s] gmake[2]: *** [CMakeFiles/pepper_wall_follower.dir/build.make:76: CMakeFiles/pepper_wall_follower.dir/src/pepper_wall_follower.cpp.o] Error 1
[6.643s] gmake[1]: *** [CMakeFiles/Makefile2:137: CMakeFiles/pepper_wall_follower.dir/all] Error 2
[6.643s] gmake: *** [Makefile:146: all] Error 2
[6.647s] Invoked command in '/home/chris/ros_ws/build/pepper_wall_follower' returned '2': CMAKE_PREFIX_PATH=/home/chris/ros_ws/install/naoqi_bridge_msgs:/home/chris/ros_ws/install/wall_follower:/home/chris/ros_ws/install/pepper_wall_follower:/home/chris/ros_ws/install/pepper_meshes:/home/chris/ros_ws/install/naoqi_driver:/home/chris/ros_ws/install/naoqi_libqicore:/home/chris/ros_ws/install/naoqi_libqi:/home/chris/ros_ws/install/nao_meshes:/opt/ros/humble LD_LIBRARY_PATH=/home/chris/ros_ws/install/naoqi_bridge_msgs/lib:/home/chris/ros_ws/install/naoqi_driver/lib:/home/chris/ros_ws/install/naoqi_libqicore/lib:/home/chris/ros_ws/install/naoqi_libqi/lib:/opt/ros/humble/opt/rviz_ogre_vendor/lib:/opt/ros/humble/lib/x86_64-linux-gnu:/opt/ros/humble/lib /usr/bin/cmake --build /home/chris/ros_ws/build/pepper_wall_follower -- -j20 -l20
