[0.183s] Invoking command in '/home/chris/ros_ws/build/pepper_wall_follower': CMAKE_PREFIX_PATH=/home/chris/ros_ws/install/naoqi_bridge_msgs:/home/chris/ros_ws/install/wall_follower:/home/chris/ros_ws/install/pepper_wall_follower:/home/chris/ros_ws/install/pepper_meshes:/home/chris/ros_ws/install/naoqi_driver:/home/chris/ros_ws/install/naoqi_libqicore:/home/chris/ros_ws/install/naoqi_libqi:/home/chris/ros_ws/install/nao_meshes:/opt/ros/humble LD_LIBRARY_PATH=/home/chris/ros_ws/install/naoqi_bridge_msgs/lib:/home/chris/ros_ws/install/naoqi_driver/lib:/home/chris/ros_ws/install/naoqi_libqicore/lib:/home/chris/ros_ws/install/naoqi_libqi/lib:/opt/ros/humble/opt/rviz_ogre_vendor/lib:/opt/ros/humble/lib/x86_64-linux-gnu:/opt/ros/humble/lib /usr/bin/cmake --build /home/chris/ros_ws/build/pepper_wall_follower -- -j20 -l20
[0.229s] [35m[1mConsolidate compiler generated dependencies of target pepper_wall_follower[0m
[0.245s] [ 50%] [32mBuilding CXX object CMakeFiles/pepper_wall_follower.dir/src/pepper_wall_follower.cpp.o[0m
[3.094s] In file included from [01m[K/home/chris/ros_ws/src/pepper_wall_follower/src/pepper_wall_follower.cpp:1[m[K:
[3.094s] [01m[K/home/chris/ros_ws/src/pepper_wall_follower/include/pepper_wall_follower/pepper_wall_follower.hpp:62:36:[m[K [01;31m[Kerror: [m[Kexpected â€˜[01m[K;[m[Kâ€™ at end of member declaration
[3.094s]    62 |   double blind_spot_[SECTOR_COUNT/3[01;31m[K][m[K
[3.094s]       |                                    [01;31m[K^[m[K
[3.094s]       |                                     [32m[K;[m[K
[3.166s] In file included from [01m[K/opt/ros/humble/include/rclcpp/rclcpp/logging.hpp:24[m[K,
[3.167s]                  from [01m[K/opt/ros/humble/include/rclcpp/rclcpp/client.hpp:40[m[K,
[3.167s]                  from [01m[K/opt/ros/humble/include/rclcpp/rclcpp/callback_group.hpp:24[m[K,
[3.167s]                  from [01m[K/opt/ros/humble/include/rclcpp/rclcpp/any_executable.hpp:20[m[K,
[3.167s]                  from [01m[K/opt/ros/humble/include/rclcpp/rclcpp/memory_strategy.hpp:25[m[K,
[3.167s]                  from [01m[K/opt/ros/humble/include/rclcpp/rclcpp/memory_strategies.hpp:18[m[K,
[3.167s]                  from [01m[K/opt/ros/humble/include/rclcpp/rclcpp/executor_options.hpp:20[m[K,
[3.167s]                  from [01m[K/opt/ros/humble/include/rclcpp/rclcpp/executor.hpp:37[m[K,
[3.168s]                  from [01m[K/opt/ros/humble/include/rclcpp/rclcpp/executors/multi_threaded_executor.hpp:25[m[K,
[3.168s]                  from [01m[K/opt/ros/humble/include/rclcpp/rclcpp/executors.hpp:21[m[K,
[3.168s]                  from [01m[K/opt/ros/humble/include/rclcpp/rclcpp/rclcpp.hpp:155[m[K,
[3.168s]                  from [01m[K/home/chris/ros_ws/src/pepper_wall_follower/include/pepper_wall_follower/pepper_wall_follower.hpp:4[m[K,
[3.168s]                  from [01m[K/home/chris/ros_ws/src/pepper_wall_follower/src/pepper_wall_follower.cpp:1[m[K:
[3.168s] [01m[K/home/chris/ros_ws/src/pepper_wall_follower/src/pepper_wall_follower.cpp:[m[K In member function â€˜[01m[Kvoid PepperWallFollower::PrintScanData()[m[Kâ€™:
[3.168s] [01m[K/home/chris/ros_ws/src/pepper_wall_follower/src/pepper_wall_follower.cpp:306:9:[m[K [01;35m[Kwarning: [m[Kformat â€˜[01m[K%f[m[Kâ€™ expects argument of type â€˜[01m[Kdouble[m[Kâ€™, but argument 5 has type â€˜[01m[Kconst char*[m[Kâ€™ [[01;35m[K]8;;https://gcc.gnu.org/onlinedocs/gcc/Warning-Options.html#index-Wformat=-Wformat=]8;;[m[K]
[3.168s]   306 |         [01;35m[K"Scan Data:\n"[m[K
[3.168s]       |         [01;35m[K^~~~~~~~~~~~~~[m[K
[3.168s]   307 | [01;35m[K        "  FRONT_LEFT: %.2f\n"[m[K
[3.168s]       |         [01;35m[K~~~~~~~~~~~~~~~~~~~~~~[m[K
[3.169s]   308 | [01;35m[K        "  FRONT_RIGHT: %.2f\n"[m[K
[3.169s]       |         [01;35m[K~~~~~~~~~~~~~~~~~~~~~~~[m[K
[3.169s]   309 | [01;35m[K        "  RIGHT_BACK: %.2f\n"[m[K
[3.169s]       |         [01;35m[K~~~~~~~~~~~~~~~~~~~~~~[m[K
[3.169s]   310 | [01;35m[K        "  RIGHT_FRONT: %.2f\n"[m[K
[3.169s]       |         [01;35m[K~~~~~~~~~~~~~~~~~~~~~~~[m[K
[3.169s]   311 | [01;35m[K        "  LEFT_BACK: %.2f\n"[m[K
[3.169s]       |         [01;35m[K~~~~~~~~~~~~~~~~~~~~~[m[K
[3.169s]   312 | [01;35m[K        "  LEFT_FRONT: %.2f\n"[m[K,
[3.169s]       |         [01;35m[K~~~~~~~~~~~~~~~~~~~~~~[m[K
[3.169s]   313 |         [32m[K"  BLIND_SPOT_LEFT: %.2f\n"[m[K
[3.169s]       |         [32m[K~~~~~~~~~~~~~~~~~~~~~~~~~~~[m[K
[3.170s]       |         [32m[K|[m[K
[3.170s]       |         [32m[Kconst char*[m[K
[3.170s]   314 | [32m[K        "  BLIND_SPOT_RIGHT: %.2f\n"[m[K,
[3.170s]       |         [32m[K~~~~~~~~~~~~~~~~~~~~~~~~~~~~[m[K
[3.170s] [01m[K/home/chris/ros_ws/src/pepper_wall_follower/src/pepper_wall_follower.cpp:307:27:[m[K [01;36m[Knote: [m[Kformat string is defined here
[3.170s]   307 |         "  FRONT_LEFT: [01;36m[K%.2f[m[K\n"
[3.170s]       |                        [01;36m[K~~~^[m[K
[3.170s]       |                           [01;36m[K|[m[K
[3.170s]       |                           [01;36m[Kdouble[m[K
[3.170s]       |                        [32m[K%.2s[m[K
[3.170s] In file included from [01m[K/opt/ros/humble/include/rclcpp/rclcpp/logging.hpp:24[m[K,
[3.170s]                  from [01m[K/opt/ros/humble/include/rclcpp/rclcpp/client.hpp:40[m[K,
[3.170s]                  from [01m[K/opt/ros/humble/include/rclcpp/rclcpp/callback_group.hpp:24[m[K,
[3.170s]                  from [01m[K/opt/ros/humble/include/rclcpp/rclcpp/any_executable.hpp:20[m[K,
[3.171s]                  from [01m[K/opt/ros/humble/include/rclcpp/rclcpp/memory_strategy.hpp:25[m[K,
[3.171s]                  from [01m[K/opt/ros/humble/include/rclcpp/rclcpp/memory_strategies.hpp:18[m[K,
[3.171s]                  from [01m[K/opt/ros/humble/include/rclcpp/rclcpp/executor_options.hpp:20[m[K,
[3.171s]                  from [01m[K/opt/ros/humble/include/rclcpp/rclcpp/executor.hpp:37[m[K,
[3.171s]                  from [01m[K/opt/ros/humble/include/rclcpp/rclcpp/executors/multi_threaded_executor.hpp:25[m[K,
[3.171s]                  from [01m[K/opt/ros/humble/include/rclcpp/rclcpp/executors.hpp:21[m[K,
[3.171s]                  from [01m[K/opt/ros/humble/include/rclcpp/rclcpp/rclcpp.hpp:155[m[K,
[3.171s]                  from [01m[K/home/chris/ros_ws/src/pepper_wall_follower/include/pepper_wall_follower/pepper_wall_follower.hpp:4[m[K,
[3.171s]                  from [01m[K/home/chris/ros_ws/src/pepper_wall_follower/src/pepper_wall_follower.cpp:1[m[K:
[3.171s] [01m[K/home/chris/ros_ws/src/pepper_wall_follower/src/pepper_wall_follower.cpp:306:9:[m[K [01;35m[Kwarning: [m[Ktoo many arguments for format [[01;35m[K]8;;https://gcc.gnu.org/onlinedocs/gcc/Warning-Options.html#index-Wformat-extra-args-Wformat-extra-args]8;;[m[K]
[3.171s]   306 |         [01;35m[K"Scan Data:\n"[m[K
[3.171s]       |         [01;35m[K^~~~~~~~~~~~~~[m[K
[3.171s]   307 | [01;35m[K        "  FRONT_LEFT: %.2f\n"[m[K
[3.171s]       |         [01;35m[K~~~~~~~~~~~~~~~~~~~~~~[m[K
[3.171s]   308 | [01;35m[K        "  FRONT_RIGHT: %.2f\n"[m[K
[3.171s]       |         [01;35m[K~~~~~~~~~~~~~~~~~~~~~~~[m[K
[3.172s]   309 | [01;35m[K        "  RIGHT_BACK: %.2f\n"[m[K
[3.172s]       |         [01;35m[K~~~~~~~~~~~~~~~~~~~~~~[m[K
[3.172s]   310 | [01;35m[K        "  RIGHT_FRONT: %.2f\n"[m[K
[3.172s]       |         [01;35m[K~~~~~~~~~~~~~~~~~~~~~~~[m[K
[3.172s]   311 | [01;35m[K        "  LEFT_BACK: %.2f\n"[m[K
[3.172s]       |         [01;35m[K~~~~~~~~~~~~~~~~~~~~~[m[K
[3.172s]   312 | [01;35m[K        "  LEFT_FRONT: %.2f\n"[m[K,
[3.172s]       |         [01;35m[K~~~~~~~~~~~~~~~~~~~~~~[m[K
[6.958s] gmake[2]: *** [CMakeFiles/pepper_wall_follower.dir/build.make:76: CMakeFiles/pepper_wall_follower.dir/src/pepper_wall_follower.cpp.o] Error 1
[6.958s] gmake[1]: *** [CMakeFiles/Makefile2:137: CMakeFiles/pepper_wall_follower.dir/all] Error 2
[6.958s] gmake: *** [Makefile:146: all] Error 2
[6.962s] Invoked command in '/home/chris/ros_ws/build/pepper_wall_follower' returned '2': CMAKE_PREFIX_PATH=/home/chris/ros_ws/install/naoqi_bridge_msgs:/home/chris/ros_ws/install/wall_follower:/home/chris/ros_ws/install/pepper_wall_follower:/home/chris/ros_ws/install/pepper_meshes:/home/chris/ros_ws/install/naoqi_driver:/home/chris/ros_ws/install/naoqi_libqicore:/home/chris/ros_ws/install/naoqi_libqi:/home/chris/ros_ws/install/nao_meshes:/opt/ros/humble LD_LIBRARY_PATH=/home/chris/ros_ws/install/naoqi_bridge_msgs/lib:/home/chris/ros_ws/install/naoqi_driver/lib:/home/chris/ros_ws/install/naoqi_libqicore/lib:/home/chris/ros_ws/install/naoqi_libqi/lib:/opt/ros/humble/opt/rviz_ogre_vendor/lib:/opt/ros/humble/lib/x86_64-linux-gnu:/opt/ros/humble/lib /usr/bin/cmake --build /home/chris/ros_ws/build/pepper_wall_follower -- -j20 -l20
