[35m[1mConsolidate compiler generated dependencies of target pepper_wall_follower[0m
[ 50%] [32mBuilding CXX object CMakeFiles/pepper_wall_follower.dir/src/pepper_wall_follower.cpp.o[0m
[01m[K/home/chris/ros_ws/src/pepper_wall_follower/src/pepper_wall_follower.cpp:[m[K In member function â€˜[01m[Kvoid PepperWallFollower::update_callback()[m[Kâ€™:
[01m[K/home/chris/ros_ws/src/pepper_wall_follower/src/pepper_wall_follower.cpp:204:78:[m[K [01;31m[Kerror: [m[Kinvalid type argument of unary â€˜[01m[K*[m[Kâ€™ (have â€˜[01m[Kfloat[m[Kâ€™)
  204 |          scan_data_[RIGHT_BACK]  < (DESIRED_WALL_DIST - WALL_FOLLOW_OFFSET)) [01;31m[K* 0.9f[m[K{
      |                                                                              [01;31m[K^~~~~~[m[K
[01m[K/home/chris/ros_ws/src/pepper_wall_follower/src/pepper_wall_follower.cpp:231:76:[m[K [01;31m[Kerror: [m[Kinvalid type argument of unary â€˜[01m[K*[m[Kâ€™ (have â€˜[01m[Kfloat[m[Kâ€™)
  231 |          scan_data_[LEFT_BACK] < (DESIRED_WALL_DIST - WALL_FOLLOW_OFFSET)) [01;31m[K* 0.9f[m[K {
      |                                                                            [01;31m[K^~~~~~[m[K
gmake[2]: *** [CMakeFiles/pepper_wall_follower.dir/build.make:76: CMakeFiles/pepper_wall_follower.dir/src/pepper_wall_follower.cpp.o] Error 1
gmake[1]: *** [CMakeFiles/Makefile2:137: CMakeFiles/pepper_wall_follower.dir/all] Error 2
gmake: *** [Makefile:146: all] Error 2
